{"C:\\Users\\betat\\Workspace\\CursoReact2026\\React\\02-first-steps\\src\\FirstStepsApp.tsx": {"path":"C:\\Users\\betat\\Workspace\\CursoReact2026\\React\\02-first-steps\\src\\FirstStepsApp.tsx","statementMap":{"0":{"start":{"line":8,"column":34},"end":{"line":12,"column":null}},"1":{"start":{"line":14,"column":7},"end":{"line":14,"column":null}},"2":{"start":{"line":14,"column":7},"end":{"line":30,"column":null}},"3":{"start":{"line":16,"column":8},"end":{"line":30,"column":null}},"4":{"start":{"line":30,"column":11},"end":{"line":30,"column":null}},"5":{"start":{"line":30,"column":11},"end":{"line":16,"column":null}},"6":{"start":{"line":14,"column":7},"end":{"line":27,"column":null}}},"fnMap":{"0":{"name":"FirstStepsApp","decl":{"start":{"line":14,"column":7},"end":{"line":14,"column":null}},"loc":{"start":{"line":14,"column":7},"end":{"line":16,"column":null}},"line":14}},"branchMap":{"0":{"loc":{"start":{"line":14,"column":7},"end":{"line":30,"column":null}},"type":"if","locations":[{"start":{"line":14,"column":7},"end":{"line":30,"column":null}},{"start":{"line":30,"column":11},"end":{"line":30,"column":null}}],"line":14}},"s":{"0":1,"1":3,"2":3,"3":3,"4":0,"5":3,"6":9},"f":{"0":12},"b":{"0":[3,0]},"meta":{"lastBranch":1,"lastFunction":1,"lastStatement":7,"seen":{"s:8:34:12:Infinity":0,"f:14:7:14:Infinity":0,"s:14:7:14:Infinity":1,"b:14:7:30:Infinity:30:11:30:Infinity":0,"s:14:7:30:Infinity":2,"s:16:8:30:Infinity":3,"s:30:11:30:Infinity":4,"s:30:11:16:Infinity":5,"s:14:7:27:Infinity":6}}}
,"C:\\Users\\betat\\Workspace\\CursoReact2026\\React\\02-first-steps\\src\\MyAwesomeApp.tsx": {"path":"C:\\Users\\betat\\Workspace\\CursoReact2026\\React\\02-first-steps\\src\\MyAwesomeApp.tsx","statementMap":{"0":{"start":{"line":4,"column":14},"end":{"line":23,"column":null}},"1":{"start":{"line":4,"column":29},"end":{"line":4,"column":null}},"2":{"start":{"line":4,"column":29},"end":{"line":44,"column":null}},"3":{"start":{"line":8,"column":26},"end":{"line":8,"column":null}},"4":{"start":{"line":11,"column":20},"end":{"line":15,"column":null}},"5":{"start":{"line":17,"column":35},"end":{"line":21,"column":null}},"6":{"start":{"line":23,"column":8},"end":{"line":44,"column":null}},"7":{"start":{"line":44,"column":14},"end":{"line":44,"column":null}},"8":{"start":{"line":44,"column":14},"end":{"line":23,"column":null}},"9":{"start":{"line":4,"column":29},"end":{"line":31,"column":null}}},"fnMap":{"0":{"name":"(anonymous_0)","decl":{"start":{"line":4,"column":14},"end":{"line":4,"column":29}},"loc":{"start":{"line":4,"column":29},"end":{"line":23,"column":null}},"line":4},"1":{"name":"_temp","decl":{"start":{"line":4,"column":29},"end":{"line":4,"column":null}},"loc":{"start":{"line":4,"column":29},"end":{"line":31,"column":null}},"line":4}},"branchMap":{"0":{"loc":{"start":{"line":4,"column":29},"end":{"line":44,"column":null}},"type":"if","locations":[{"start":{"line":4,"column":29},"end":{"line":44,"column":null}},{"start":{"line":44,"column":14},"end":{"line":44,"column":null}}],"line":4},"1":{"loc":{"start":{"line":9,"column":21},"end":{"line":35,"column":null}},"type":"cond-expr","locations":[{"start":{"line":35,"column":17},"end":{"line":35,"column":null}},{"start":{"line":35,"column":17},"end":{"line":35,"column":null}}],"line":9}},"s":{"0":1,"1":3,"2":3,"3":3,"4":3,"5":3,"6":3,"7":0,"8":3,"9":9},"f":{"0":3,"1":9},"b":{"0":[3,0],"1":[3,0]},"meta":{"lastBranch":2,"lastFunction":2,"lastStatement":10,"seen":{"s:4:14:23:Infinity":0,"f:4:14:4:29":0,"s:4:29:4:Infinity":1,"b:4:29:44:Infinity:44:14:44:Infinity":0,"s:4:29:44:Infinity":2,"s:8:26:8:Infinity":3,"s:11:20:15:Infinity":4,"s:17:35:21:Infinity":5,"s:23:8:44:Infinity":6,"b:35:17:35:Infinity:35:17:35:Infinity":1,"s:44:14:44:Infinity":7,"s:44:14:23:Infinity":8,"f:4:29:4:Infinity":1,"s:4:29:31:Infinity":9}}}
,"C:\\Users\\betat\\Workspace\\CursoReact2026\\React\\02-first-steps\\src\\helpers\\math.helper.ts": {"path":"C:\\Users\\betat\\Workspace\\CursoReact2026\\React\\02-first-steps\\src\\helpers\\math.helper.ts","statementMap":{"0":{"start":{"line":1,"column":13},"end":{"line":2,"column":null}},"1":{"start":{"line":2,"column":4},"end":{"line":2,"column":null}},"2":{"start":{"line":5,"column":13},"end":{"line":6,"column":null}},"3":{"start":{"line":6,"column":4},"end":{"line":6,"column":null}},"4":{"start":{"line":9,"column":13},"end":{"line":10,"column":null}},"5":{"start":{"line":10,"column":4},"end":{"line":10,"column":null}},"6":{"start":{"line":13,"column":13},"end":{"line":14,"column":null}},"7":{"start":{"line":14,"column":4},"end":{"line":14,"column":null}}},"fnMap":{"0":{"name":"(anonymous_0)","decl":{"start":{"line":1,"column":13},"end":{"line":1,"column":20}},"loc":{"start":{"line":1,"column":53},"end":{"line":2,"column":null}},"line":1},"1":{"name":"(anonymous_1)","decl":{"start":{"line":5,"column":13},"end":{"line":5,"column":26}},"loc":{"start":{"line":5,"column":59},"end":{"line":6,"column":null}},"line":5},"2":{"name":"(anonymous_2)","decl":{"start":{"line":9,"column":13},"end":{"line":9,"column":25}},"loc":{"start":{"line":9,"column":58},"end":{"line":10,"column":null}},"line":9},"3":{"name":"(anonymous_3)","decl":{"start":{"line":13,"column":13},"end":{"line":13,"column":23}},"loc":{"start":{"line":13,"column":56},"end":{"line":14,"column":null}},"line":13}},"branchMap":{},"s":{"0":1,"1":1,"2":1,"3":2,"4":1,"5":2,"6":1,"7":0},"f":{"0":1,"1":2,"2":2,"3":0},"b":{},"meta":{"lastBranch":0,"lastFunction":4,"lastStatement":8,"seen":{"s:1:13:2:Infinity":0,"f:1:13:1:20":0,"s:2:4:2:Infinity":1,"s:5:13:6:Infinity":2,"f:5:13:5:26":1,"s:6:4:6:Infinity":3,"s:9:13:10:Infinity":4,"f:9:13:9:25":2,"s:10:4:10:Infinity":5,"s:13:13:14:Infinity":6,"f:13:13:13:23":3,"s:14:4:14:Infinity":7}}}
,"C:\\Users\\betat\\Workspace\\CursoReact2026\\React\\02-first-steps\\src\\shopping-cart\\ItemCounter.module.css": {"path":"C:\\Users\\betat\\Workspace\\CursoReact2026\\React\\02-first-steps\\src\\shopping-cart\\ItemCounter.module.css","statementMap":{},"fnMap":{},"branchMap":{},"s":{},"f":{},"b":{},"meta":{"lastBranch":0,"lastFunction":0,"lastStatement":0,"seen":{}}}
,"C:\\Users\\betat\\Workspace\\CursoReact2026\\React\\02-first-steps\\src\\shopping-cart\\ItemCounter.tsx": {"path":"C:\\Users\\betat\\Workspace\\CursoReact2026\\React\\02-first-steps\\src\\shopping-cart\\ItemCounter.tsx","statementMap":{"0":{"start":{"line":10,"column":13},"end":{"line":28,"column":24}},"1":{"start":{"line":10,"column":27},"end":{"line":10,"column":28}},"2":{"start":{"line":10,"column":28},"end":{"line":10,"column":36}},"3":{"start":{"line":10,"column":36},"end":{"line":10,"column":null}},"4":{"start":{"line":12,"column":2},"end":{"line":12,"column":46}},"5":{"start":{"line":12,"column":46},"end":{"line":16,"column":null}},"6":{"start":{"line":14,"column":20},"end":{"line":15,"column":null}},"7":{"start":{"line":15,"column":4},"end":{"line":15,"column":null}},"8":{"start":{"line":16,"column":3},"end":{"line":16,"column":null}},"9":{"start":{"line":14,"column":20},"end":{"line":14,"column":null}},"10":{"start":{"line":16,"column":3},"end":{"line":21,"column":null}},"11":{"start":{"line":18,"column":25},"end":{"line":20,"column":null}},"12":{"start":{"line":19,"column":4},"end":{"line":19,"column":null}},"13":{"start":{"line":19,"column":17},"end":{"line":19,"column":null}},"14":{"start":{"line":20,"column":4},"end":{"line":20,"column":null}},"15":{"start":{"line":21,"column":3},"end":{"line":21,"column":null}},"16":{"start":{"line":18,"column":25},"end":{"line":18,"column":null}},"17":{"start":{"line":24,"column":13},"end":{"line":24,"column":23}},"18":{"start":{"line":24,"column":42},"end":{"line":25,"column":null}},"19":{"start":{"line":23,"column":31},"end":{"line":25,"column":null}},"20":{"start":{"line":25,"column":3},"end":{"line":25,"column":null}},"21":{"start":{"line":23,"column":31},"end":{"line":23,"column":null}},"22":{"start":{"line":25,"column":3},"end":{"line":29,"column":null}},"23":{"start":{"line":29,"column":6},"end":{"line":29,"column":null}},"24":{"start":{"line":29,"column":72},"end":{"line":29,"column":null}},"25":{"start":{"line":29,"column":72},"end":{"line":31,"column":null}},"26":{"start":{"line":31,"column":8},"end":{"line":31,"column":null}},"27":{"start":{"line":31,"column":49},"end":{"line":31,"column":null}},"28":{"start":{"line":31,"column":49},"end":{"line":32,"column":null}},"29":{"start":{"line":32,"column":8},"end":{"line":32,"column":null}},"30":{"start":{"line":32,"column":32},"end":{"line":32,"column":null}},"31":{"start":{"line":32,"column":32},"end":{"line":33,"column":null}},"32":{"start":{"line":33,"column":8},"end":{"line":33,"column":null}},"33":{"start":{"line":33,"column":54},"end":{"line":33,"column":null}},"34":{"start":{"line":33,"column":54},"end":{"line":34,"column":null}},"35":{"start":{"line":28,"column":4},"end":{"line":33,"column":26}},"36":{"start":{"line":34,"column":14},"end":{"line":34,"column":null}},"37":{"start":{"line":34,"column":14},"end":{"line":28,"column":24}}},"fnMap":{"0":{"name":"(anonymous_0)","decl":{"start":{"line":10,"column":13},"end":{"line":10,"column":27}},"loc":{"start":{"line":10,"column":27},"end":{"line":28,"column":24}},"line":10},"1":{"name":"(anonymous_1)","decl":{"start":{"line":14,"column":20},"end":{"line":14,"column":null}},"loc":{"start":{"line":14,"column":20},"end":{"line":15,"column":null}},"line":14},"2":{"name":"(anonymous_2)","decl":{"start":{"line":18,"column":25},"end":{"line":18,"column":null}},"loc":{"start":{"line":18,"column":25},"end":{"line":20,"column":null}},"line":18}},"branchMap":{"0":{"loc":{"start":{"line":10,"column":36},"end":{"line":10,"column":null}},"type":"cond-expr","locations":[{"start":{"line":10,"column":36},"end":{"line":10,"column":null}},{"start":{"line":10,"column":36},"end":{"line":10,"column":null}}],"line":10},"1":{"loc":{"start":{"line":12,"column":46},"end":{"line":16,"column":null}},"type":"if","locations":[{"start":{"line":12,"column":46},"end":{"line":16,"column":null}},{"start":{"line":16,"column":3},"end":{"line":16,"column":null}}],"line":12},"2":{"loc":{"start":{"line":16,"column":3},"end":{"line":21,"column":null}},"type":"if","locations":[{"start":{"line":16,"column":3},"end":{"line":21,"column":null}},{"start":{"line":21,"column":3},"end":{"line":21,"column":null}}],"line":16},"3":{"loc":{"start":{"line":19,"column":4},"end":{"line":19,"column":null}},"type":"if","locations":[{"start":{"line":19,"column":4},"end":{"line":19,"column":null}},{"start":{},"end":{}}],"line":19},"4":{"loc":{"start":{"line":24,"column":13},"end":{"line":24,"column":23}},"type":"cond-expr","locations":[{"start":{"line":24,"column":13},"end":{"line":24,"column":23}},{"start":{"line":24,"column":13},"end":{"line":24,"column":23}}],"line":24},"5":{"loc":{"start":{"line":24,"column":42},"end":{"line":25,"column":null}},"type":"if","locations":[{"start":{"line":24,"column":42},"end":{"line":25,"column":null}},{"start":{"line":25,"column":3},"end":{"line":25,"column":null}}],"line":24},"6":{"loc":{"start":{"line":25,"column":3},"end":{"line":29,"column":null}},"type":"if","locations":[{"start":{"line":25,"column":3},"end":{"line":29,"column":null}},{"start":{"line":29,"column":72},"end":{"line":29,"column":null}}],"line":25},"7":{"loc":{"start":{"line":25,"column":3},"end":{"line":25,"column":null}},"type":"binary-expr","locations":[{"start":{"line":25,"column":3},"end":{"line":25,"column":null}},{"start":{"line":25,"column":3},"end":{"line":25,"column":null}}],"line":25},"8":{"loc":{"start":{"line":29,"column":72},"end":{"line":31,"column":null}},"type":"if","locations":[{"start":{"line":29,"column":72},"end":{"line":31,"column":null}},{"start":{"line":31,"column":49},"end":{"line":31,"column":null}}],"line":29},"9":{"loc":{"start":{"line":31,"column":49},"end":{"line":32,"column":null}},"type":"if","locations":[{"start":{"line":31,"column":49},"end":{"line":32,"column":null}},{"start":{"line":32,"column":32},"end":{"line":32,"column":null}}],"line":31},"10":{"loc":{"start":{"line":32,"column":32},"end":{"line":33,"column":null}},"type":"if","locations":[{"start":{"line":32,"column":32},"end":{"line":33,"column":null}},{"start":{"line":33,"column":54},"end":{"line":33,"column":null}}],"line":32},"11":{"loc":{"start":{"line":33,"column":54},"end":{"line":34,"column":null}},"type":"if","locations":[{"start":{"line":33,"column":54},"end":{"line":34,"column":null}},{"start":{"line":34,"column":14},"end":{"line":34,"column":null}}],"line":33},"12":{"loc":{"start":{"line":33,"column":54},"end":{"line":33,"column":null}},"type":"binary-expr","locations":[{"start":{"line":33,"column":54},"end":{"line":33,"column":null}},{"start":{"line":33,"column":54},"end":{"line":33,"column":null}},{"start":{"line":33,"column":54},"end":{"line":33,"column":null}},{"start":{"line":33,"column":54},"end":{"line":33,"column":null}}],"line":33}},"s":{"0":1,"1":9,"2":9,"3":9,"4":9,"5":9,"6":9,"7":1,"8":0,"9":9,"10":9,"11":9,"12":1,"13":0,"14":1,"15":0,"16":9,"17":9,"18":9,"19":8,"20":1,"21":9,"22":9,"23":8,"24":1,"25":9,"26":9,"27":0,"28":9,"29":9,"30":0,"31":9,"32":9,"33":0,"34":9,"35":9,"36":0,"37":9},"f":{"0":9,"1":1,"2":1},"b":{"0":[3,6],"1":[9,0],"2":[9,0],"3":[0,1],"4":[4,5],"5":[8,1],"6":[8,1],"7":[9,2],"8":[9,0],"9":[9,0],"10":[9,0],"11":[9,0],"12":[9,1,0,0]},"meta":{"lastBranch":13,"lastFunction":3,"lastStatement":38,"seen":{"s:10:13:28:24":0,"f:10:13:10:27":0,"s:10:27:10:28":1,"s:10:28:10:36":2,"s:10:36:10:Infinity":3,"b:10:36:10:Infinity:10:36:10:Infinity":0,"s:12:2:12:46":4,"b:12:46:16:Infinity:16:3:16:Infinity":1,"s:12:46:16:Infinity":5,"s:14:20:15:Infinity":6,"f:14:20:14:Infinity":1,"s:15:4:15:Infinity":7,"s:16:3:16:Infinity":8,"s:14:20:14:Infinity":9,"b:16:3:21:Infinity:21:3:21:Infinity":2,"s:16:3:21:Infinity":10,"s:18:25:20:Infinity":11,"f:18:25:18:Infinity":2,"b:19:4:19:Infinity:undefined:undefined:undefined:undefined":3,"s:19:4:19:Infinity":12,"s:19:17:19:Infinity":13,"s:20:4:20:Infinity":14,"s:21:3:21:Infinity":15,"s:18:25:18:Infinity":16,"s:24:13:24:23":17,"b:24:13:24:23:24:13:24:23":4,"b:24:42:25:Infinity:25:3:25:Infinity":5,"s:24:42:25:Infinity":18,"s:23:31:25:Infinity":19,"s:25:3:25:Infinity":20,"s:23:31:23:Infinity":21,"b:25:3:29:Infinity:29:72:29:Infinity":6,"s:25:3:29:Infinity":22,"b:25:3:25:Infinity:25:3:25:Infinity":7,"s:29:6:29:Infinity":23,"s:29:72:29:Infinity":24,"b:29:72:31:Infinity:31:49:31:Infinity":8,"s:29:72:31:Infinity":25,"s:31:8:31:Infinity":26,"s:31:49:31:Infinity":27,"b:31:49:32:Infinity:32:32:32:Infinity":9,"s:31:49:32:Infinity":28,"s:32:8:32:Infinity":29,"s:32:32:32:Infinity":30,"b:32:32:33:Infinity:33:54:33:Infinity":10,"s:32:32:33:Infinity":31,"s:33:8:33:Infinity":32,"s:33:54:33:Infinity":33,"b:33:54:34:Infinity:34:14:34:Infinity":11,"s:33:54:34:Infinity":34,"b:33:54:33:Infinity:33:54:33:Infinity:33:54:33:Infinity:33:54:33:Infinity":12,"s:28:4:33:26":35,"s:34:14:34:Infinity":36,"s:34:14:28:24":37}}}
}
